android/app/build/intermediates/manifest_merge_blame_file/debug/manifest-merger-blame-debug-report.txt
1<?xml version="1.0" encoding="utf-8"?>
2<manifest xmlns:android="http://schemas.android.com/apk/res/android"
3    package="com.awesomeproject"
4    android:versionCode="1"
5    android:versionName="1.0" >
6
7    <uses-sdk
8        android:minSdkVersion="16"
9        android:targetSdkVersion="28" />
10
11    <uses-permission android:name="android.permission.SYSTEM_ALERT_WINDOW" />
11-->src/debug/AndroidManifest.xml:5:5-77
11-->src/debug/AndroidManifest.xml:5:22-75
12    <uses-permission android:name="android.permission.INTERNET" /> <!-- permet l authorisation de l appli a acceder a mes photos eete ma camera -->
12-->src/main/AndroidManifest.xml:4:5-67
12-->src/main/AndroidManifest.xml:4:22-64
13    <uses-permission android:name="android.permission.CAMERA" />
13-->src/main/AndroidManifest.xml:6:5-64
13-->src/main/AndroidManifest.xml:6:22-62
14    <uses-permission android:name="android.permission.WRITE_EXTERNAL_STORAGE" />
14-->src/main/AndroidManifest.xml:7:5-80
14-->src/main/AndroidManifest.xml:7:22-78
15    <uses-permission android:name="android.permission.ACCESS_WIFI_STATE" />
15-->[com.facebook.flipper:flipper:0.33.1] AndroidManifest.xml:16:5-76
15-->[com.facebook.flipper:flipper:0.33.1] AndroidManifest.xml:16:22-73
16
17    <application
17-->src/main/AndroidManifest.xml:9:5-33:19
18        android:name="com.awesomeproject.MainApplication"
18-->src/main/AndroidManifest.xml:10:7-38
19        android:allowBackup="false"
19-->src/main/AndroidManifest.xml:14:7-34
20        android:appComponentFactory="androidx.core.app.CoreComponentFactory"
20-->[androidx.core:core:1.1.0] AndroidManifest.xml:24:18-86
21        android:debuggable="true"
22        android:icon="@mipmap/ic_launcher"
22-->src/main/AndroidManifest.xml:12:7-41
23        android:label="@string/app_name"
23-->src/main/AndroidManifest.xml:11:7-39
24        android:roundIcon="@mipmap/ic_launcher_round"
24-->src/main/AndroidManifest.xml:13:7-52
25        android:theme="@style/AppTheme"
25-->src/main/AndroidManifest.xml:15:7-38
26        android:usesCleartextTraffic="true" >
26-->src/debug/AndroidManifest.xml:7:18-53
27        <activity
27-->src/main/AndroidManifest.xml:16:7-31:18
28            android:name="com.awesomeproject.MainActivity"
28-->src/main/AndroidManifest.xml:17:9-37
29            android:configChanges="keyboard|keyboardHidden|orientation|screenSize"
29-->src/main/AndroidManifest.xml:19:9-79
30            android:label="@string/app_name"
30-->src/main/AndroidManifest.xml:18:9-41
31            android:windowSoftInputMode="adjustResize" >
31-->src/main/AndroidManifest.xml:20:9-51
32            <intent-filter>
32-->src/main/AndroidManifest.xml:21:9-24:25
33                <action android:name="android.intent.action.MAIN" />
33-->src/main/AndroidManifest.xml:22:13-65
33-->src/main/AndroidManifest.xml:22:21-62
34
35                <category android:name="android.intent.category.LAUNCHER" />
35-->src/main/AndroidManifest.xml:23:13-73
35-->src/main/AndroidManifest.xml:23:23-70
36            </intent-filter>
37            <intent-filter>
37-->src/main/AndroidManifest.xml:25:9-30:25
38                <action android:name="android.intent.action.VIEW" />
38-->src/main/AndroidManifest.xml:26:11-63
38-->src/main/AndroidManifest.xml:26:19-60
39
40                <category android:name="android.intent.category.DEFAULT" />
40-->src/main/AndroidManifest.xml:27:11-70
40-->src/main/AndroidManifest.xml:27:21-67
41                <category android:name="android.intent.category.BROWSABLE" />
41-->src/main/AndroidManifest.xml:28:11-72
41-->src/main/AndroidManifest.xml:28:21-69
42
43                <data android:scheme="pictagram" />
43-->src/main/AndroidManifest.xml:29:11-46
43-->src/main/AndroidManifest.xml:29:17-43
44            </intent-filter>
45        </activity>
46        <activity android:name="com.facebook.react.devsupport.DevSettingsActivity" />
46-->src/main/AndroidManifest.xml:32:7-84
46-->src/main/AndroidManifest.xml:32:17-81
47
48        <provider
48-->[:react-native-image-picker] AndroidManifest.xml:10:9-18:20
49            android:name="com.imagepicker.FileProvider"
49-->[:react-native-image-picker] AndroidManifest.xml:11:13-56
50            android:authorities="com.awesomeproject.provider"
50-->[:react-native-image-picker] AndroidManifest.xml:12:13-60
51            android:exported="false"
51-->[:react-native-image-picker] AndroidManifest.xml:13:13-37
52            android:grantUriPermissions="true" >
52-->[:react-native-image-picker] AndroidManifest.xml:14:13-47
53            <meta-data
53-->[:react-native-image-picker] AndroidManifest.xml:15:13-17:58
54                android:name="android.support.FILE_PROVIDER_PATHS"
54-->[:react-native-image-picker] AndroidManifest.xml:16:17-67
55                android:resource="@xml/provider_paths" />
55-->[:react-native-image-picker] AndroidManifest.xml:17:17-55
56        </provider>
57        <provider
57-->[:react-native-webview] AndroidManifest.xml:12:9-20:20
58            android:name="com.reactnativecommunity.webview.RNCWebViewFileProvider"
58-->[:react-native-webview] AndroidManifest.xml:13:13-83
59            android:authorities="com.awesomeproject.fileprovider"
59-->[:react-native-webview] AndroidManifest.xml:14:13-64
60            android:exported="false"
60-->[:react-native-webview] AndroidManifest.xml:15:13-37
61            android:grantUriPermissions="true" >
61-->[:react-native-webview] AndroidManifest.xml:16:13-47
62            <meta-data
62-->[:react-native-image-picker] AndroidManifest.xml:15:13-17:58
63                android:name="android.support.FILE_PROVIDER_PATHS"
63-->[:react-native-image-picker] AndroidManifest.xml:16:17-67
64                android:resource="@xml/file_provider_paths" />
64-->[:react-native-image-picker] AndroidManifest.xml:17:17-55
65        </provider>
66    </application>
67
68</manifest>